#
# There is insufficient memory for the Java Runtime Environment to continue.
# Native memory allocation (mmap) failed to map 10485760 bytes for Failed to commit area from 0x00000000c6000000 to 0x00000000c6a00000 of length 10485760.
# Possible reasons:
#   The system is out of physical RAM or swap space
#   The process is running with CompressedOops enabled, and the Java Heap may be blocking the growth of the native heap
# Possible solutions:
#   Reduce memory load on the system
#   Increase physical memory or swap space
#   Check if swap backing store is full
#   Decrease Java heap size (-Xmx/-Xms)
#   Decrease number of Java threads
#   Decrease Java thread stack sizes (-Xss)
#   Set larger code cache with -XX:ReservedCodeCacheSize=
#   JVM is running with Unscaled Compressed Oops mode in which the Java heap is
#     placed in the first 4GB address space. The Java Heap base address is the
#     maximum limit for the native heap growth. Please use -XX:HeapBaseMinAddress
#     to set the Java Heap base and to place the Java Heap above 4GB virtual address.
# This output file may be truncated or incomplete.
#
#  Out of Memory Error (t:/workspace/open/src/hotspot/os/windows/os_windows.cpp:3301), pid=11160, tid=96
#
# JRE version: Java(TM) SE Runtime Environment (13.0.2+8) (build 13.0.2+8)
# Java VM: Java HotSpot(TM) 64-Bit Server VM (13.0.2+8, mixed mode, sharing, tiered, compressed oops, g1 gc, windows-amd64)
# No core dump will be written. Minidumps are not enabled by default on client versions of Windows
#

---------------  S U M M A R Y ------------

Command Line: -Dcom.sun.management.jmxremote -Dcom.sun.management.jmxremote.port=9928 -Dcom.sun.management.jmxremote.authenticate=false -Dcom.sun.management.jmxremote.ssl=false -Djava.rmi.server.hostname=localhost -Dspring.jmx.enabled=true -Dspring.application.admin.enabled=true -Xverify:none -XX:TieredStopAtLevel=1 -Dspring.boot.project.name=IFKF-back-end -Dfile.encoding=UTF-8 com.ITP.IFKFbackend.IfkfBackendApplication

Host: Intel(R) Core(TM) i5-8250U CPU @ 1.60GHz, 8 cores, 3G,  Windows 10 , 64 bit Build 17763 (10.0.17763.475)
Time: Thu Oct  8 21:45:42 2020 Sri Lanka Standard Time elapsed time: 3 seconds (0d 0h 0m 3s)

---------------  T H R E A D  ---------------

Current thread (0x0000024f93071800):  VMThread "VM Thread" [stack: 0x0000006247100000,0x0000006247200000] [id=96]

Stack: [0x0000006247100000,0x0000006247200000]
[error occurred during error reporting (printing stack bounds), id 0xc0000005, EXCEPTION_ACCESS_VIOLATION (0xc0000005) at pc=0x0000024f800010ad]

Native frames: (J=compiled Java code, j=interpreted, Vv=VM code, C=native code)
V  [jvm.dll+0x624f9a]
V  [jvm.dll+0x770cfa]
V  [jvm.dll+0x7724af]
V  [jvm.dll+0x772a15]
V  [jvm.dll+0x7729cb]
V  [jvm.dll+0x6244df]
C  [ntdll.dll+0x66b26]
C  [ntdll.dll+0x4849]
C  [ntdll.dll+0xa34ee]
C  0x0000024f800010ad

VM_Operation (0x00000062480fa770): G1CollectForAllocation, mode: safepoint, requested by thread 0x0000024f94367000


---------------  P R O C E S S  ---------------

Threads class SMR info:
_java_thread_list=0x0000024f958da580, length=25, elements={
0x0000024ff6864000, 0x0000024f93073000, 0x0000024f93076800, 0x0000024f9308b800,
0x0000024f9308d800, 0x0000024f93091000, 0x0000024f93093000, 0x0000024f9305e000,
0x0000024f93ab7800, 0x0000024f93f28000, 0x0000024f93f4c800, 0x0000024f93f88800,
0x0000024f94359800, 0x0000024f94367000, 0x0000024f944aa000, 0x0000024f945c0800,
0x0000024f945c7800, 0x0000024f94c48800, 0x0000024f95282000, 0x0000024f95281800,
0x0000024f95283800, 0x0000024f95283000, 0x0000024f95894800, 0x0000024f95892000,
0x0000024f95890800
}

Java Threads: ( => current thread )
  0x0000024ff6864000 JavaThread "main" [_thread_blocked, id=14264, stack(0x0000006246b00000,0x0000006246c00000)]
  0x0000024f93073000 JavaThread "Reference Handler" daemon [_thread_blocked, id=4080, stack(0x0000006247200000,0x0000006247300000)]
  0x0000024f93076800 JavaThread "Finalizer" daemon [_thread_blocked, id=11788, stack(0x0000006247300000,0x0000006247400000)]
  0x0000024f9308b800 JavaThread "Signal Dispatcher" daemon [_thread_blocked, id=14692, stack(0x0000006247400000,0x0000006247500000)]
  0x0000024f9308d800 JavaThread "Attach Listener" daemon [_thread_blocked, id=10412, stack(0x0000006247500000,0x0000006247600000)]
  0x0000024f93091000 JavaThread "C1 CompilerThread0" daemon [_thread_blocked, id=11512, stack(0x0000006247600000,0x0000006247700000)]
  0x0000024f93093000 JavaThread "Sweeper thread" daemon [_thread_blocked, id=3848, stack(0x0000006247700000,0x0000006247800000)]
  0x0000024f9305e000 JavaThread "Common-Cleaner" daemon [_thread_blocked, id=11780, stack(0x0000006247800000,0x0000006247900000)]
  0x0000024f93ab7800 JavaThread "Service Thread" daemon [_thread_blocked, id=2428, stack(0x0000006247900000,0x0000006247a00000)]
  0x0000024f93f28000 JavaThread "RMI TCP Accept-0" daemon [_thread_in_native, id=12292, stack(0x0000006247a00000,0x0000006247b00000)]
  0x0000024f93f4c800 JavaThread "RMI TCP Accept-9928" daemon [_thread_in_native, id=9724, stack(0x0000006247b00000,0x0000006247c00000)]
  0x0000024f93f88800 JavaThread "RMI TCP Accept-0" daemon [_thread_in_native, id=1724, stack(0x0000006247c00000,0x0000006247d00000)]
  0x0000024f94359800 JavaThread "Thread-0" [_thread_blocked, id=3948, stack(0x0000006247f00000,0x0000006248000000)]
  0x0000024f94367000 JavaThread "restartedMain" [_thread_blocked, id=12956, stack(0x0000006248000000,0x0000006248100000)]
  0x0000024f944aa000 JavaThread "RMI TCP Connection(1)-127.0.0.1" daemon [_thread_in_native, id=5784, stack(0x0000006248200000,0x0000006248300000)]
  0x0000024f945c0800 JavaThread "RMI Scheduler(0)" daemon [_thread_blocked, id=9300, stack(0x0000006248900000,0x0000006248a00000)]
  0x0000024f945c7800 JavaThread "RMI TCP Connection(2)-127.0.0.1" daemon [_thread_in_native, id=3328, stack(0x0000006248a00000,0x0000006248b00000)]
  0x0000024f94c48800 JavaThread "JMX server connection timeout 24" daemon [_thread_blocked, id=12604, stack(0x0000006248b00000,0x0000006248c00000)]
  0x0000024f95282000 JavaThread "mysql-cj-abandoned-connection-cleanup" daemon [_thread_blocked, id=14420, stack(0x0000006248c00000,0x0000006248d00000)]
  0x0000024f95281800 JavaThread "HikariPool-1 housekeeper" daemon [_thread_blocked, id=11028, stack(0x0000006248e00000,0x0000006248f00000)]
  0x0000024f95283800 JavaThread "Catalina-utility-1" [_thread_blocked, id=7208, stack(0x0000006248f00000,0x0000006249000000)]
  0x0000024f95283000 JavaThread "Catalina-utility-2" [_thread_blocked, id=7540, stack(0x0000006249000000,0x0000006249100000)]
  0x0000024f95894800 JavaThread "container-0" [_thread_blocked, id=11164, stack(0x0000006249100000,0x0000006249200000)]
  0x0000024f95892000 JavaThread "HikariPool-1 connection adder" daemon [_thread_blocked, id=13828, stack(0x0000006249200000,0x0000006249300000)]
  0x0000024f95890800 JavaThread "task-1" [_thread_blocked, id=2436, stack(0x0000006249300000,0x0000006249400000)]

Other Threads:
=>0x0000024f93071800 VMThread "VM Thread" [stack: 0x0000006247100000,0x0000006247200000] [id=96]
  0x0000024f93f8b000 WatcherThread [stack: 0x0000006247d00000,0x0000006247e00000] [id=1788]
  0x0000024ff6896800 GCTaskThread "GC Thread#0" [stack: 0x0000006246c00000,0x0000006246d00000] [id=13664]
  0x0000024f942e2000 GCTaskThread "GC Thread#1" [stack: 0x0000006247e00000,0x0000006247f00000] [id=8616]
  0x0000024f944c2800 GCTaskThread "GC Thread#2" [stack: 0x0000006248300000,0x0000006248400000] [id=8828]
  0x0000024f94487000 GCTaskThread "GC Thread#3" [stack: 0x0000006248400000,0x0000006248500000] [id=6548]
  0x0000024f94451800 GCTaskThread "GC Thread#4" [stack: 0x0000006248500000,0x0000006248600000] [id=13040]
  0x0000024f9450e800 GCTaskThread "GC Thread#5" [stack: 0x0000006248600000,0x0000006248700000] [id=15256]
  0x0000024f94471000 GCTaskThread "GC Thread#6" [stack: 0x0000006248700000,0x0000006248800000] [id=5756]
  0x0000024f9451d800 GCTaskThread "GC Thread#7" [stack: 0x0000006248800000,0x0000006248900000] [id=8752]
  0x0000024ff689f800 ConcurrentGCThread "G1 Main Marker" [stack: 0x0000006246d00000,0x0000006246e00000] [id=6996]
  0x0000024ff68a1800 ConcurrentGCThread "G1 Conc#0" [stack: 0x0000006246e00000,0x0000006246f00000] [id=9304]
  0x0000024f95204800 ConcurrentGCThread "G1 Conc#1" [stack: 0x0000006248100000,0x0000006248200000] [id=8680]
  0x0000024ff6907800 ConcurrentGCThread "G1 Refine#0" [stack: 0x0000006246f00000,0x0000006247000000] [id=12072]
  0x0000024ff6909800 ConcurrentGCThread "G1 Young RemSet Sampling" [stack: 0x0000006247000000,0x0000006247100000] [id=12760]

Threads with active compile tasks:

VM state:at safepoint (normal execution)

VM Mutex/Monitor currently owned by a thread:  ([mutex/lock_event])
[0x0000024ff6860b40] Threads_lock - owner thread: 0x0000024f93071800
[0x0000024ff6860870] Heap_lock - owner thread: 0x0000024f94367000

OutOfMemory and StackOverflow Exception counts:
OutOfMemoryError java_heap_errors=2
LinkageErrors=49

Heap address: 0x00000000c2000000, size: 992 MB, Compressed Oops mode: 32-bit
Narrow klass base: 0x0000000800000000, Narrow klass shift: 3
Compressed class space size: 1073741824 Address: 0x0000000800b40000

Heap:
 garbage-first heap   total 76800K, used 25433K [0x00000000c2000000, 0x0000000100000000)
  region size 1024K, 4 young (4096K), 4 survivors (4096K)
 Metaspace       used 32724K, capacity 33969K, committed 34176K, reserved 1079296K
  class space    used 4228K, capacity 4662K, committed 4736K, reserved 1048576K
Heap Regions: E=young(eden), S=young(survivor), O=old, HS=humongous(starts), HC=humongous(continues), CS=collection set, F=free, A=archive, TAMS=top-at-mark-start (previous, next)
|   0|0x00000000c2000000, 0x00000000c2100000, 0x00000000c2100000|100%|HS|  |TAMS 0x00000000c2100000, 0x00000000c2000000| Complete 
|   1|0x00000000c2100000, 0x00000000c2200000, 0x00000000c2200000|100%| O|  |TAMS 0x00000000c2200000, 0x00000000c2100000| Untracked 
|   2|0x00000000c2200000, 0x00000000c2300000, 0x00000000c2300000|100%| O|  |TAMS 0x00000000c2300000, 0x00000000c2200000| Untracked 
|   3|0x00000000c2300000, 0x00000000c2400000, 0x00000000c2400000|100%| O|  |TAMS 0x00000000c2400000, 0x00000000c2300000| Untracked 
|   4|0x00000000c2400000, 0x00000000c2500000, 0x00000000c2500000|100%| O|  |TAMS 0x00000000c2500000, 0x00000000c2400000| Untracked 
|   5|0x00000000c2500000, 0x00000000c2600000, 0x00000000c2600000|100%| O|  |TAMS 0x00000000c2600000, 0x00000000c2500000| Untracked 
|   6|0x00000000c2600000, 0x00000000c2700000, 0x00000000c2700000|100%| O|  |TAMS 0x00000000c2700000, 0x00000000c2600000| Untracked 
|   7|0x00000000c2700000, 0x00000000c2800000, 0x00000000c2800000|100%| O|  |TAMS 0x00000000c2800000, 0x00000000c2700000| Untracked 
|   8|0x00000000c2800000, 0x00000000c2900000, 0x00000000c2900000|100%| O|  |TAMS 0x00000000c28e4800, 0x00000000c2800000| Untracked 
|   9|0x00000000c2900000, 0x00000000c2a00000, 0x00000000c2a00000|100%| O|  |TAMS 0x00000000c2900000, 0x00000000c2900000| Untracked 
|  10|0x00000000c2a00000, 0x00000000c2a2d600, 0x00000000c2b00000| 17%| O|  |TAMS 0x00000000c2a00000, 0x00000000c2a00000| Untracked 
|  11|0x00000000c2b00000, 0x00000000c2c00000, 0x00000000c2c00000|100%| O|  |TAMS 0x00000000c2b00000, 0x00000000c2b00000| Untracked 
|  12|0x00000000c2c00000, 0x00000000c2d00000, 0x00000000c2d00000|100%| O|  |TAMS 0x00000000c2c00000, 0x00000000c2c00000| Untracked 
|  13|0x00000000c2d00000, 0x00000000c2e00000, 0x00000000c2e00000|100%| O|  |TAMS 0x00000000c2d00000, 0x00000000c2d00000| Untracked 
|  14|0x00000000c2e00000, 0x00000000c2f00000, 0x00000000c2f00000|100%| O|  |TAMS 0x00000000c2e00000, 0x00000000c2e00000| Untracked 
|  15|0x00000000c2f00000, 0x00000000c3000000, 0x00000000c3000000|100%| O|  |TAMS 0x00000000c2f00000, 0x00000000c2f00000| Untracked 
|  16|0x00000000c3000000, 0x00000000c3100000, 0x00000000c3100000|100%| O|  |TAMS 0x00000000c3000000, 0x00000000c3000000| Untracked 
|  17|0x00000000c3100000, 0x00000000c3200000, 0x00000000c3200000|100%| O|  |TAMS 0x00000000c3100000, 0x00000000c3100000| Untracked 
|  18|0x00000000c3200000, 0x00000000c3300000, 0x00000000c3300000|100%| O|  |TAMS 0x00000000c3200000, 0x00000000c3200000| Untracked 
|  19|0x00000000c3300000, 0x00000000c3400000, 0x00000000c3400000|100%| O|  |TAMS 0x00000000c3300000, 0x00000000c3300000| Untracked 
|  20|0x00000000c3400000, 0x00000000c3500000, 0x00000000c3500000|100%| O|  |TAMS 0x00000000c3400000, 0x00000000c3400000| Untracked 
|  21|0x00000000c3500000, 0x00000000c35d5a00, 0x00000000c3600000| 83%| O|  |TAMS 0x00000000c3500000, 0x00000000c3500000| Untracked 
|  22|0x00000000c3600000, 0x00000000c3600000, 0x00000000c3700000|  0%| F|  |TAMS 0x00000000c3600000, 0x00000000c3600000| Untracked 
|  23|0x00000000c3700000, 0x00000000c3700000, 0x00000000c3800000|  0%| F|  |TAMS 0x00000000c3700000, 0x00000000c3700000| Untracked 
|  24|0x00000000c3800000, 0x00000000c3800000, 0x00000000c3900000|  0%| F|  |TAMS 0x00000000c3800000, 0x00000000c3800000| Untracked 
|  25|0x00000000c3900000, 0x00000000c3900000, 0x00000000c3a00000|  0%| F|  |TAMS 0x00000000c3900000, 0x00000000c3900000| Untracked 
|  26|0x00000000c3a00000, 0x00000000c3a00000, 0x00000000c3b00000|  0%| F|  |TAMS 0x00000000c3a00000, 0x00000000c3a00000| Untracked 
|  27|0x00000000c3b00000, 0x00000000c3b00000, 0x00000000c3c00000|  0%| F|  |TAMS 0x00000000c3b00000, 0x00000000c3b00000| Untracked 
|  28|0x00000000c3c00000, 0x00000000c3c00000, 0x00000000c3d00000|  0%| F|  |TAMS 0x00000000c3c00000, 0x00000000c3c00000| Untracked 
|  29|0x00000000c3d00000, 0x00000000c3d00000, 0x00000000c3e00000|  0%| F|  |TAMS 0x00000000c3d00000, 0x00000000c3d00000| Untracked 
|  30|0x00000000c3e00000, 0x00000000c3e00000, 0x00000000c3f00000|  0%| F|  |TAMS 0x00000000c3e00000, 0x00000000c3e00000| Untracked 
|  31|0x00000000c3f00000, 0x00000000c3f00000, 0x00000000c4000000|  0%| F|  |TAMS 0x00000000c3f00000, 0x00000000c3f00000| Untracked 
|  32|0x00000000c4000000, 0x00000000c40d3470, 0x00000000c4100000| 82%| S|CS|TAMS 0x00000000c4000000, 0x00000000c4000000| Complete 
|  33|0x00000000c4100000, 0x00000000c4200000, 0x00000000c4200000|100%| S|CS|TAMS 0x00000000c4100000, 0x00000000c4100000| Complete 
|  34|0x00000000c4200000, 0x00000000c4300000, 0x00000000c4300000|100%| S|CS|TAMS 0x00000000c4200000, 0x00000000c4200000| Complete 
|  35|0x00000000c4300000, 0x00000000c4400000, 0x00000000c4400000|100%| S|CS|TAMS 0x00000000c4300000, 0x00000000c4300000| Complete 
|  36|0x00000000c4400000, 0x00000000c4400000, 0x00000000c4500000|  0%| F|  |TAMS 0x00000000c4400000, 0x00000000c4400000| Untracked 
|  37|0x00000000c4500000, 0x00000000c4500000, 0x00000000c4600000|  0%| F|  |TAMS 0x00000000c4500000, 0x00000000c4500000| Untracked 
|  38|0x00000000c4600000, 0x00000000c4600000, 0x00000000c4700000|  0%| F|  |TAMS 0x00000000c4600000, 0x00000000c4600000| Untracked 
|  39|0x00000000c4700000, 0x00000000c4700000, 0x00000000c4800000|  0%| F|  |TAMS 0x00000000c4700000, 0x00000000c4700000| Untracked 
|  40|0x00000000c4800000, 0x00000000c4800000, 0x00000000c4900000|  0%| F|  |TAMS 0x00000000c4800000, 0x00000000c4800000| Untracked 
|  41|0x00000000c4900000, 0x00000000c4900000, 0x00000000c4a00000|  0%| F|  |TAMS 0x00000000c4900000, 0x00000000c4900000| Untracked 
|  42|0x00000000c4a00000, 0x00000000c4a00000, 0x00000000c4b00000|  0%| F|  |TAMS 0x00000000c4a00000, 0x00000000c4a00000| Untracked 
|  43|0x00000000c4b00000, 0x00000000c4b00000, 0x00000000c4c00000|  0%| F|  |TAMS 0x00000000c4b00000, 0x00000000c4b00000| Untracked 
|  44|0x00000000c4c00000, 0x00000000c4c00000, 0x00000000c4d00000|  0%| F|  |TAMS 0x00000000c4c00000, 0x00000000c4c00000| Untracked 
|  45|0x00000000c4d00000, 0x00000000c4d00000, 0x00000000c4e00000|  0%| F|  |TAMS 0x00000000c4d00000, 0x00000000c4d00000| Untracked 
|  46|0x00000000c4e00000, 0x00000000c4e00000, 0x00000000c4f00000|  0%| F|  |TAMS 0x00000000c4e00000, 0x00000000c4e00000| Untracked 
|  47|0x00000000c4f00000, 0x00000000c4f00000, 0x00000000c5000000|  0%| F|  |TAMS 0x00000000c4f00000, 0x00000000c4f00000| Untracked 
|  48|0x00000000c5000000, 0x00000000c5000000, 0x00000000c5100000|  0%| F|  |TAMS 0x00000000c5000000, 0x00000000c5000000| Untracked 
|  49|0x00000000c5100000, 0x00000000c5100000, 0x00000000c5200000|  0%| F|  |TAMS 0x00000000c5100000, 0x00000000c5100000| Untracked 
|  50|0x00000000c5200000, 0x00000000c5200000, 0x00000000c5300000|  0%| F|  |TAMS 0x00000000c5200000, 0x00000000c5200000| Untracked 
|  51|0x00000000c5300000, 0x00000000c5300000, 0x00000000c5400000|  0%| F|  |TAMS 0x00000000c5300000, 0x00000000c5300000| Untracked 
|  52|0x00000000c5400000, 0x00000000c5400000, 0x00000000c5500000|  0%| F|  |TAMS 0x00000000c5400000, 0x00000000c5400000| Untracked 
|  53|0x00000000c5500000, 0x00000000c5500000, 0x00000000c5600000|  0%| F|  |TAMS 0x00000000c5500000, 0x00000000c5500000| Untracked 
|  54|0x00000000c5600000, 0x00000000c5600000, 0x00000000c5700000|  0%| F|  |TAMS 0x00000000c5600000, 0x00000000c5600000| Untracked 
|  55|0x00000000c5700000, 0x00000000c5700000, 0x00000000c5800000|  0%| F|  |TAMS 0x00000000c5700000, 0x00000000c5700000| Untracked 
|  56|0x00000000c5800000, 0x00000000c5800000, 0x00000000c5900000|  0%| F|  |TAMS 0x00000000c5800000, 0x00000000c5800000| Untracked 
|  57|0x00000000c5900000, 0x00000000c5900000, 0x00000000c5a00000|  0%| F|  |TAMS 0x00000000c5900000, 0x00000000c5900000| Untracked 
|  58|0x00000000c5a00000, 0x00000000c5a00000, 0x00000000c5b00000|  0%| F|  |TAMS 0x00000000c5a00000, 0x00000000c5a00000| Untracked 
|  59|0x00000000c5b00000, 0x00000000c5b00000, 0x00000000c5c00000|  0%| F|  |TAMS 0x00000000c5b00000, 0x00000000c5b00000| Untracked 
|  60|0x00000000c5c00000, 0x00000000c5c00000, 0x00000000c5d00000|  0%| F|  |TAMS 0x00000000c5c00000, 0x00000000c5c00000| Untracked 
|  61|0x00000000c5d00000, 0x00000000c5d00000, 0x00000000c5e00000|  0%| F|  |TAMS 0x00000000c5d00000, 0x00000000c5d00000| Untracked 
|  62|0x00000000c5e00000, 0x00000000c5e00000, 0x00000000c5f00000|  0%| F|  |TAMS 0x00000000c5e00000, 0x00000000c5e00000| Untracked 
|  63|0x00000000c5f00000, 0x00000000c5f00000, 0x00000000c6000000|  0%| F|  |TAMS 0x00000000c5f00000, 0x00000000c5f00000| Untracked 
|  74|0x00000000c6a00000, 0x00000000c6a00000, 0x00000000c6b00000|  0%| F|  |TAMS 0x00000000c6a00000, 0x00000000c6a00000| Untracked 

Card table byte_map: [0x0000024fff390000,0x0000024fff580000] _byte_map_base: 0x0000024ffed80000

Marking Bits (Prev, Next): (CMBitMap*) 0x0000024ff6897118, (CMBitMap*) 0x0000024ff68970d8
 Prev Bits: [0x0000024f8ff80000, 0x0000024f90f00000)
 Next Bits: [0x0000024f8f000000, 0x0000024f8ff80000)

Polling page: 0x0000024ff4820000

Metaspace:

Usage:
  Non-class:     28.62 MB capacity,    27.83 MB ( 97%) used,   684.95 KB (  2%) free+waste,   126.00 KB ( <1%) overhead. 
      Class:      4.55 MB capacity,     4.13 MB ( 91%) used,   370.30 KB (  8%) free+waste,    63.00 KB (  1%) overhead. 
       Both:     33.17 MB capacity,    31.96 MB ( 96%) used,     1.03 MB (  3%) free+waste,   189.00 KB ( <1%) overhead. 

Virtual space:
  Non-class space:       30.00 MB reserved,      28.75 MB ( 96%) committed 
      Class space:        1.00 GB reserved,       4.63 MB ( <1%) committed 
             Both:        1.03 GB reserved,      33.38 MB (  3%) committed 

Chunk freelists:
   Non-Class:  5.00 KB
       Class:  10.00 KB
        Both:  15.00 KB

MaxMetaspaceSize: 17179869184.00 GB
CompressedClassSpaceSize: 1.00 GB

CodeHeap 'non-profiled nmethods': size=238336Kb used=7268Kb max_used=7268Kb free=231067Kb
 bounds [0x0000024f80740000, 0x0000024f80e60000, 0x0000024f8f000000]
CodeHeap 'non-nmethods': size=7424Kb used=1261Kb max_used=1261Kb free=6162Kb
 bounds [0x0000024f80000000, 0x0000024f80270000, 0x0000024f80740000]
 total_blobs=5106 nmethods=4279 adapters=462
 compilation: enabled
              stopped_count=0, restarted_count=0
 full_count=0

Compilation events (20 events):
Event: 3.659 Thread 0x0000024f93091000 4289       1       java.lang.invoke.MethodHandles$Lookup::restrictProtectedReceiver (51 bytes)
Event: 3.660 Thread 0x0000024f93091000 nmethod 4289 0x0000024f80e55510 code [0x0000024f80e55700, 0x0000024f80e55b10]
Event: 3.660 Thread 0x0000024f93091000 4290       1       java.lang.invoke.MemberName::isProtected (8 bytes)
Event: 3.660 Thread 0x0000024f93091000 nmethod 4290 0x0000024f80e55d10 code [0x0000024f80e55ea0, 0x0000024f80e55ff8]
Event: 3.660 Thread 0x0000024f93091000 4291       1       org.springframework.boot.context.properties.bind.Binder::findProperty (62 bytes)
Event: 3.660 Thread 0x0000024f93091000 nmethod 4291 0x0000024f80e56090 code [0x0000024f80e56280, 0x0000024f80e56580]
Event: 3.661 Thread 0x0000024f93091000 4292       1       org.springframework.core.convert.support.GenericConversionService$ConverterCacheKey::hashCode (19 bytes)
Event: 3.661 Thread 0x0000024f93091000 nmethod 4292 0x0000024f80e56790 code [0x0000024f80e56940, 0x0000024f80e56b00]
Event: 3.661 Thread 0x0000024f93091000 4293       1       org.springframework.core.convert.TypeDescriptor::isArray (8 bytes)
Event: 3.661 Thread 0x0000024f93091000 nmethod 4293 0x0000024f80e56c90 code [0x0000024f80e56e40, 0x0000024f80e56fb0]
Event: 3.661 Thread 0x0000024f93091000 4294   !   1       org.springframework.beans.factory.annotation.InitDestroyAnnotationBeanPostProcessor::findLifecycleMetadata (87 bytes)
Event: 3.662 Thread 0x0000024f93091000 nmethod 4294 0x0000024f80e57090 code [0x0000024f80e57280, 0x0000024f80e57730]
Event: 3.666 Thread 0x0000024f93091000 4295   !   1       com.sun.proxy.$Proxy26::annotationType (29 bytes)
Event: 3.667 Thread 0x0000024f93091000 nmethod 4295 0x0000024f80e57910 code [0x0000024f80e57ae0, 0x0000024f80e57d40]
Event: 3.670 Thread 0x0000024f93091000 4296       1       java.lang.PublicMethods$Key::equals (52 bytes)
Event: 3.670 Thread 0x0000024f93091000 nmethod 4296 0x0000024f80e57e90 code [0x0000024f80e58040, 0x0000024f80e582b0]
Event: 3.670 Thread 0x0000024f93091000 4297       1       java.beans.MethodRef::<init> (5 bytes)
Event: 3.670 Thread 0x0000024f93091000 nmethod 4297 0x0000024f80e58390 code [0x0000024f80e58520, 0x0000024f80e58658]
Event: 3.670 Thread 0x0000024f93091000 4298       1       java.beans.MethodRef::set (58 bytes)
Event: 3.670 Thread 0x0000024f93091000 nmethod 4298 0x0000024f80e58710 code [0x0000024f80e58900, 0x0000024f80e58f40]

GC Heap History (20 events):
Event: 1.248 GC heap after
{Heap after GC invocations=5 (full 0):
 garbage-first heap   total 63488K, used 10494K [0x00000000c2000000, 0x0000000100000000)
  region size 1024K, 3 young (3072K), 3 survivors (3072K)
 Metaspace       used 14311K, capacity 14941K, committed 15232K, reserved 1062912K
  class space    used 1880K, capacity 2100K, committed 2176K, reserved 1048576K
}
Event: 1.531 GC heap before
{Heap before GC invocations=5 (full 0):
 garbage-first heap   total 63488K, used 43262K [0x00000000c2000000, 0x0000000100000000)
  region size 1024K, 36 young (36864K), 3 survivors (3072K)
 Metaspace       used 15230K, capacity 15893K, committed 16128K, reserved 1062912K
  class space    used 1998K, capacity 2224K, committed 2304K, reserved 1048576K
}
Event: 1.534 GC heap after
{Heap after GC invocations=6 (full 0):
 garbage-first heap   total 63488K, used 11324K [0x00000000c2000000, 0x0000000100000000)
  region size 1024K, 4 young (4096K), 4 survivors (4096K)
 Metaspace       used 15230K, capacity 15893K, committed 16128K, reserved 1062912K
  class space    used 1998K, capacity 2224K, committed 2304K, reserved 1048576K
}
Event: 1.759 GC heap before
{Heap before GC invocations=6 (full 0):
 garbage-first heap   total 63488K, used 44092K [0x00000000c2000000, 0x0000000100000000)
  region size 1024K, 37 young (37888K), 4 survivors (4096K)
 Metaspace       used 16133K, capacity 16883K, committed 17024K, reserved 1064960K
  class space    used 2111K, capacity 2383K, committed 2432K, reserved 1048576K
}
Event: 1.763 GC heap after
{Heap after GC invocations=7 (full 0):
 garbage-first heap   total 76800K, used 12268K [0x00000000c2000000, 0x0000000100000000)
  region size 1024K, 4 young (4096K), 4 survivors (4096K)
 Metaspace       used 16133K, capacity 16883K, committed 17024K, reserved 1064960K
  class space    used 2111K, capacity 2383K, committed 2432K, reserved 1048576K
}
Event: 2.138 GC heap before
{Heap before GC invocations=7 (full 0):
 garbage-first heap   total 76800K, used 54252K [0x00000000c2000000, 0x0000000100000000)
  region size 1024K, 45 young (46080K), 4 survivors (4096K)
 Metaspace       used 18552K, capacity 19437K, committed 19456K, reserved 1067008K
  class space    used 2476K, capacity 2803K, committed 2816K, reserved 1048576K
}
Event: 2.142 GC heap after
{Heap after GC invocations=8 (full 0):
 garbage-first heap   total 76800K, used 13389K [0x00000000c2000000, 0x0000000100000000)
  region size 1024K, 5 young (5120K), 5 survivors (5120K)
 Metaspace       used 18552K, capacity 19437K, committed 19456K, reserved 1067008K
  class space    used 2476K, capacity 2803K, committed 2816K, reserved 1048576K
}
Event: 2.305 GC heap before
{Heap before GC invocations=8 (full 0):
 garbage-first heap   total 76800K, used 33869K [0x00000000c2000000, 0x0000000100000000)
  region size 1024K, 26 young (26624K), 5 survivors (5120K)
 Metaspace       used 20289K, capacity 21203K, committed 21248K, reserved 1067008K
  class space    used 2725K, capacity 3063K, committed 3072K, reserved 1048576K
}
Event: 2.314 GC heap after
{Heap after GC invocations=9 (full 0):
 garbage-first heap   total 76800K, used 14354K [0x00000000c2000000, 0x0000000100000000)
  region size 1024K, 4 young (4096K), 4 survivors (4096K)
 Metaspace       used 20289K, capacity 21203K, committed 21248K, reserved 1067008K
  class space    used 2725K, capacity 3063K, committed 3072K, reserved 1048576K
}
Event: 2.664 GC heap before
{Heap before GC invocations=10 (full 0):
 garbage-first heap   total 55296K, used 42002K [0x00000000c2000000, 0x0000000100000000)
  region size 1024K, 32 young (32768K), 4 survivors (4096K)
 Metaspace       used 22865K, capacity 23934K, committed 24064K, reserved 1069056K
  class space    used 3080K, capacity 3485K, committed 3584K, reserved 1048576K
}
Event: 2.668 GC heap after
{Heap after GC invocations=11 (full 0):
 garbage-first heap   total 55296K, used 16021K [0x00000000c2000000, 0x0000000100000000)
  region size 1024K, 3 young (3072K), 3 survivors (3072K)
 Metaspace       used 22865K, capacity 23934K, committed 24064K, reserved 1069056K
  class space    used 3080K, capacity 3485K, committed 3584K, reserved 1048576K
}
Event: 2.672 GC heap before
{Heap before GC invocations=11 (full 0):
 garbage-first heap   total 55296K, used 41621K [0x00000000c2000000, 0x0000000100000000)
  region size 1024K, 29 young (29696K), 3 survivors (3072K)
 Metaspace       used 22865K, capacity 23934K, committed 24064K, reserved 1069056K
  class space    used 3080K, capacity 3485K, committed 3584K, reserved 1048576K
}
Event: 2.675 GC heap after
{Heap after GC invocations=12 (full 0):
 garbage-first heap   total 66560K, used 16173K [0x00000000c2000000, 0x0000000100000000)
  region size 1024K, 2 young (2048K), 2 survivors (2048K)
 Metaspace       used 22865K, capacity 23934K, committed 24064K, reserved 1069056K
  class space    used 3080K, capacity 3485K, committed 3584K, reserved 1048576K
}
Event: 2.817 GC heap before
{Heap before GC invocations=12 (full 0):
 garbage-first heap   total 66560K, used 48941K [0x00000000c2000000, 0x0000000100000000)
  region size 1024K, 35 young (35840K), 2 survivors (2048K)
 Metaspace       used 24401K, capacity 25428K, committed 25728K, reserved 1071104K
  class space    used 3227K, capacity 3620K, committed 3712K, reserved 1048576K
}
Event: 2.820 GC heap after
{Heap after GC invocations=13 (full 0):
 garbage-first heap   total 66560K, used 17767K [0x00000000c2000000, 0x0000000100000000)
  region size 1024K, 4 young (4096K), 4 survivors (4096K)
 Metaspace       used 24401K, capacity 25428K, committed 25728K, reserved 1071104K
  class space    used 3227K, capacity 3620K, committed 3712K, reserved 1048576K
}
Event: 2.836 GC heap before
{Heap before GC invocations=13 (full 0):
 garbage-first heap   total 66560K, used 50535K [0x00000000c2000000, 0x0000000100000000)
  region size 1024K, 36 young (36864K), 4 survivors (4096K)
 Metaspace       used 24401K, capacity 25428K, committed 25728K, reserved 1071104K
  class space    used 3227K, capacity 3620K, committed 3712K, reserved 1048576K
}
Event: 2.838 GC heap after
{Heap after GC invocations=14 (full 0):
 garbage-first heap   total 66560K, used 17786K [0x00000000c2000000, 0x0000000100000000)
  region size 1024K, 2 young (2048K), 2 survivors (2048K)
 Metaspace       used 24401K, capacity 25428K, committed 25728K, reserved 1071104K
  class space    used 3227K, capacity 3620K, committed 3712K, reserved 1048576K
}
Event: 3.351 GC heap before
{Heap before GC invocations=14 (full 0):
 garbage-first heap   total 66560K, used 51578K [0x00000000c2000000, 0x0000000100000000)
  region size 1024K, 35 young (35840K), 2 survivors (2048K)
 Metaspace       used 30630K, capacity 31802K, committed 32128K, reserved 1077248K
  class space    used 3982K, capacity 4396K, committed 4480K, reserved 1048576K
}
Event: 3.356 GC heap after
{Heap after GC invocations=15 (full 0):
 garbage-first heap   total 66560K, used 21485K [0x00000000c2000000, 0x0000000100000000)
  region size 1024K, 5 young (5120K), 5 survivors (5120K)
 Metaspace       used 30630K, capacity 31802K, committed 32128K, reserved 1077248K
  class space    used 3982K, capacity 4396K, committed 4480K, reserved 1048576K
}
Event: 3.670 GC heap before
{Heap before GC invocations=15 (full 0):
 garbage-first heap   total 66560K, used 50157K [0x00000000c2000000, 0x0000000100000000)
  region size 1024K, 34 young (34816K), 5 survivors (5120K)
 Metaspace       used 32724K, capacity 33969K, committed 34176K, reserved 1079296K
  class space    used 4228K, capacity 4662K, committed 4736K, reserved 1048576K
}

Deoptimization events (2 events):
Event: 2.060 Thread 0x0000024f94367000 DEOPT PACKING pc=0x0000024f80a48214 sp=0x00000062480fc750
Event: 2.060 Thread 0x0000024f94367000 DEOPT UNPACKING pc=0x0000024f8004964e sp=0x00000062480fbcb8 mode 0

Classes unloaded (1 events):
Event: 2.321 Thread 0x0000024f93071800 Unloading class 0x0000000800c3e840 'org/springframework/core/GenericTypeResolver$$Lambda$149'

Classes redefined (0 events):
No events

Internal exceptions (20 events):
Event: 2.299 Thread 0x0000024f94367000 Exception <a 'java/lang/ClassNotFoundException'{0x00000000c57d0c60}: org/springframework/context/annotation/ImportAwareCustomizer> (0x00000000c57d0c60) 
thrown [t:/workspace/open/src/hotspot/share/classfile/systemDictionary.cpp, line 232]
Event: 2.300 Thread 0x0000024f94367000 Exception <a 'java/lang/ClassNotFoundException'{0x00000000c57e5600}: org/springframework/beans/factory/AwareCustomizer> (0x00000000c57e5600) 
thrown [t:/workspace/open/src/hotspot/share/classfile/systemDictionary.cpp, line 232]
Event: 2.398 Thread 0x0000024f94367000 Exception <a 'java/lang/NoSuchMethodError'{0x00000000c4e14f90}: 'int java.lang.invoke.DirectMethodHandle$Holder.invokeSpecial(java.lang.Object, java.lang.Object, java.lang.Object, java.lang.Object, java.lang.Object)'> (0x00000000c4e14f90) 
thrown [t:/workspace/open/src/hotspot/share/interpreter/linkResolver.cpp, line 767]
Event: 2.494 Thread 0x0000024f94367000 Exception <a 'java/lang/NoSuchMethodError'{0x00000000c498e9a0}: 'void java.lang.invoke.DirectMethodHandle$Holder.invokeInterface(java.lang.Object, java.lang.Object, int)'> (0x00000000c498e9a0) 
thrown [t:/workspace/open/src/hotspot/share/interpreter/linkResolver.cpp, line 767]
Event: 2.498 Thread 0x0000024f94367000 Exception <a 'java/lang/IncompatibleClassChangeError'{0x00000000c49d70b0}: Found class java.lang.Object, but interface was expected> (0x00000000c49d70b0) 
thrown [t:/workspace/open/src/hotspot/share/interpreter/linkResolver.cpp, line 833]
Event: 2.499 Thread 0x0000024f94367000 Exception <a 'java/lang/NoSuchMethodError'{0x00000000c49dbde0}: 'void java.lang.invoke.DirectMethodHandle$Holder.invokeStatic(java.lang.Object, int, java.lang.Object)'> (0x00000000c49dbde0) 
thrown [t:/workspace/open/src/hotspot/share/interpreter/linkResolver.cpp, line 767]
Event: 2.607 Thread 0x0000024f945c7800 Exception <a 'java/lang/reflect/InvocationTargetException'{0x00000000c4101df8}> (0x00000000c4101df8) 
thrown [t:/workspace/open/src/hotspot/share/runtime/reflection.cpp, line 1188]
Event: 2.870 Thread 0x0000024f94367000 Exception <a 'java/io/FileNotFoundException'{0x00000000c5efbf30}> (0x00000000c5efbf30) 
thrown [t:/workspace/open/src/hotspot/share/prims/jni.cpp, line 598]
Event: 2.895 Thread 0x0000024f94367000 Exception <a 'java/lang/NoSuchMethodError'{0x00000000c5b7b988}: 'int java.lang.invoke.DirectMethodHandle$Holder.invokeInterface(java.lang.Object, java.lang.Object, java.lang.Object, java.lang.Object)'> (0x00000000c5b7b988) 
thrown [t:/workspace/open/src/hotspot/share/interpreter/linkResolver.cpp, line 767]
Event: 2.909 Thread 0x0000024f94367000 Exception <a 'java/lang/NoSuchMethodError'{0x00000000c5aeca00}: 'void java.lang.invoke.DirectMethodHandle$Holder.invokeVirtual(java.lang.Object, java.lang.Object, java.lang.Object, java.lang.Object)'> (0x00000000c5aeca00) 
thrown [t:/workspace/open/src/hotspot/share/interpreter/linkResolver.cpp, line 767]
Event: 3.108 Thread 0x0000024f945c7800 Exception <a 'java/lang/reflect/InvocationTargetException'{0x00000000c4982320}> (0x00000000c4982320) 
thrown [t:/workspace/open/src/hotspot/share/runtime/reflection.cpp, line 1188]
Event: 3.133 Thread 0x0000024f94367000 Exception <a 'sun/nio/fs/WindowsException'{0x00000000c495b448}> (0x00000000c495b448) 
thrown [t:/workspace/open/src/hotspot/share/prims/jni.cpp, line 598]
Event: 3.138 Thread 0x0000024f94367000 Exception <a 'java/lang/NoSuchMethodError'{0x00000000c497f7e8}: 'int java.lang.invoke.DirectMethodHandle$Holder.invokeStaticInit(java.lang.Object, java.lang.Object, java.lang.Object, java.lang.Object)'> (0x00000000c497f7e8) 
thrown [t:/workspace/open/src/hotspot/share/interpreter/linkResolver.cpp, line 767]
Event: 3.319 Thread 0x0000024f94367000 Exception <a 'java/lang/NoSuchMethodError'{0x00000000c423ad08}: 'java.lang.Object java.lang.invoke.DirectMethodHandle$Holder.invokeStaticInit(java.lang.Object, java.lang.Object, java.lang.Object, java.lang.Object)'> (0x00000000c423ad08) 
thrown [t:/workspace/open/src/hotspot/share/interpreter/linkResolver.cpp, line 767]
Event: 3.357 Thread 0x0000024f94367000 Exception <a 'java/io/FileNotFoundException'{0x00000000c6a1d260}> (0x00000000c6a1d260) 
thrown [t:/workspace/open/src/hotspot/share/prims/jni.cpp, line 598]
Event: 3.535 Thread 0x0000024f94367000 Exception <a 'java/lang/NoSuchMethodError'{0x00000000c53e3070}: 'void java.lang.invoke.DirectMethodHandle$Holder.invokeVirtual(java.lang.Object, java.lang.Object, int)'> (0x00000000c53e3070) 
thrown [t:/workspace/open/src/hotspot/share/interpreter/linkResolver.cpp, line 767]
Event: 3.610 Thread 0x0000024f945c7800 Exception <a 'java/lang/reflect/InvocationTargetException'{0x00000000c4dd6be0}> (0x00000000c4dd6be0) 
thrown [t:/workspace/open/src/hotspot/share/runtime/reflection.cpp, line 1188]
Event: 3.620 Thread 0x0000024f95890800 Exception <a 'java/lang/OutOfMemoryError'{0x00000000c4b1b760}> (0x00000000c4b1b760) 
thrown [t:/workspace/open/src/hotspot/share/prims/jni.cpp, line 619]
Event: 3.621 Thread 0x0000024f95890800 Exception <a 'java/lang/OutOfMemoryError'{0x00000000c4b1b760}> (0x00000000c4b1b760) 
thrown [t:/workspace/open/src/hotspot/share/oops/instanceKlass.cpp, line 1060]
Event: 3.670 Thread 0x0000024f94367000 Exception <a 'java/lang/ClassNotFoundException'{0x00000000c44e9488}: java/lang/ObjectCustomizer> (0x00000000c44e9488) 
thrown [t:/workspace/open/src/hotspot/share/classfile/systemDictionary.cpp, line 232]

Events (20 events):
Event: 3.668 loading class com/fasterxml/jackson/dataformat/cbor$CBORFactory done
Event: 3.668 loading class com/google/gson/Gson
Event: 3.668 loading class com/google/gson/Gson done
Event: 3.668 loading class com/google/gson$Gson
Event: 3.668 loading class com/google/gson$Gson done
Event: 3.668 loading class javax/json/bind/Jsonb
Event: 3.668 loading class javax/json/bind/Jsonb done
Event: 3.668 loading class javax/json/bind$Jsonb
Event: 3.668 loading class javax/json/bind$Jsonb done
Event: 3.669 loading class org/springframework/web/servlet/config/annotation/WebMvcConfigurerComposite
Event: 3.669 loading class org/springframework/web/servlet/config/annotation/WebMvcConfigurerComposite done
Event: 3.670 loading class java/lang/ObjectCustomizer
Event: 3.670 loading class java/lang/ObjectCustomizer done
Event: 3.670 loading class java/lang/ObjectCustomizer
Event: 3.670 loading class java/lang/ObjectCustomizer done
Event: 3.670 loading class org/springframework/web/servlet/config/annotation/WebMvcConfigurationSupportCustomizer
Event: 3.670 loading class org/springframework/web/servlet/config/annotation/WebMvcConfigurationSupportCustomizer done
Event: 3.670 loading class org/springframework/web/servlet/config/annotation/WebMvcConfigurationSupportCustomizer
Event: 3.670 loading class org/springframework/web/servlet/config/annotation/WebMvcConfigurationSupportCustomizer done
Event: 3.670 Executing VM operation: G1CollectForAllocation


Dynamic libraries:
0x00007ff645150000 - 0x00007ff64515f000 	C:\Program Files\Java\jdk-13.0.2\bin\javaw.exe
0x00007ffcd9fd0000 - 0x00007ffcda1bd000 	C:\Windows\SYSTEM32\ntdll.dll
0x00007ffcd7c80000 - 0x00007ffcd7d33000 	C:\Windows\System32\KERNEL32.DLL
0x00007ffcd6c20000 - 0x00007ffcd6eb3000 	C:\Windows\System32\KERNELBASE.dll
0x00007ffcd69f0000 - 0x00007ffcd6aea000 	C:\Windows\System32\ucrtbase.dll
0x00007ffcc4e90000 - 0x00007ffcc4ea8000 	C:\Program Files\Java\jdk-13.0.2\bin\jli.dll
0x00007ffcc5cd0000 - 0x00007ffcc5ce5000 	C:\Program Files\Java\jdk-13.0.2\bin\VCRUNTIME140.dll
0x00007ffcd7200000 - 0x00007ffcd72a3000 	C:\Windows\System32\ADVAPI32.dll
0x00007ffcd75c0000 - 0x00007ffcd765e000 	C:\Windows\System32\msvcrt.dll
0x00007ffcd7d50000 - 0x00007ffcd7dee000 	C:\Windows\System32\sechost.dll
0x00007ffcd7660000 - 0x00007ffcd7782000 	C:\Windows\System32\RPCRT4.dll
0x00007ffcd7df0000 - 0x00007ffcd7f87000 	C:\Windows\System32\USER32.dll
0x00007ffcd7190000 - 0x00007ffcd71b0000 	C:\Windows\System32\win32u.dll
0x00007ffcd7590000 - 0x00007ffcd75b9000 	C:\Windows\System32\GDI32.dll
0x00007ffcc7090000 - 0x00007ffcc7309000 	C:\Windows\WinSxS\amd64_microsoft.windows.common-controls_6595b64144ccf1df_6.0.17763.615_none_05b4414a072024d4\COMCTL32.dll
0x00007ffcd6ec0000 - 0x00007ffcd7059000 	C:\Windows\System32\gdi32full.dll
0x00007ffcd77f0000 - 0x00007ffcd7b1c000 	C:\Windows\System32\combase.dll
0x00007ffcd7090000 - 0x00007ffcd7130000 	C:\Windows\System32\msvcp_win.dll
0x00007ffcd6af0000 - 0x00007ffcd6b6e000 	C:\Windows\System32\bcryptPrimitives.dll
0x00007ffccc680000 - 0x00007ffccc68a000 	C:\Windows\SYSTEM32\VERSION.dll
0x00007ffcd8600000 - 0x00007ffcd862e000 	C:\Windows\System32\IMM32.DLL
0x00007ffcc46f0000 - 0x00007ffcc478b000 	C:\Program Files\Java\jdk-13.0.2\bin\msvcp140.dll
0x00007ffca46f0000 - 0x00007ffca524d000 	C:\Program Files\Java\jdk-13.0.2\bin\server\jvm.dll
0x00007ffcd7370000 - 0x00007ffcd7378000 	C:\Windows\System32\PSAPI.DLL
0x00007ffcc6d00000 - 0x00007ffcc6d09000 	C:\Windows\SYSTEM32\WSOCK32.dll
0x00007ffcd3010000 - 0x00007ffcd3034000 	C:\Windows\SYSTEM32\WINMM.dll
0x00007ffcd8250000 - 0x00007ffcd82bd000 	C:\Windows\System32\WS2_32.dll
0x00007ffcd2340000 - 0x00007ffcd236d000 	C:\Windows\SYSTEM32\WINMMBASE.dll
0x00007ffcd71b0000 - 0x00007ffcd71fa000 	C:\Windows\System32\cfgmgr32.dll
0x00007ffcd6060000 - 0x00007ffcd6071000 	C:\Windows\System32\kernel.appcore.dll
0x00007ffcd32d0000 - 0x00007ffcd32e0000 	C:\Program Files\Java\jdk-13.0.2\bin\verify.dll
0x00007ffcd49b0000 - 0x00007ffcd4b9d000 	C:\Windows\SYSTEM32\DBGHELP.DLL
0x00007ffcc5270000 - 0x00007ffcc529a000 	C:\Windows\SYSTEM32\dbgcore.DLL
0x00007ffccc760000 - 0x00007ffccc786000 	C:\Program Files\Java\jdk-13.0.2\bin\java.dll
0x00007ffcc91f0000 - 0x00007ffcc9207000 	C:\Program Files\Java\jdk-13.0.2\bin\zip.dll
0x00007ffcd32a0000 - 0x00007ffcd32aa000 	C:\Program Files\Java\jdk-13.0.2\bin\jimage.dll
0x00007ffcd8630000 - 0x00007ffcd9b20000 	C:\Windows\System32\SHELL32.dll
0x00007ffcd8120000 - 0x00007ffcd81c8000 	C:\Windows\System32\shcore.dll
0x00007ffcd62a0000 - 0x00007ffcd69ea000 	C:\Windows\System32\windows.storage.dll
0x00007ffcd6030000 - 0x00007ffcd6054000 	C:\Windows\System32\profapi.dll
0x00007ffcd5fd0000 - 0x00007ffcd602d000 	C:\Windows\System32\powrprof.dll
0x00007ffcd7790000 - 0x00007ffcd77e2000 	C:\Windows\System32\shlwapi.dll
0x00007ffcd60a0000 - 0x00007ffcd60b7000 	C:\Windows\System32\cryptsp.dll
0x00007ffcc91d0000 - 0x00007ffcc91e9000 	C:\Program Files\Java\jdk-13.0.2\bin\net.dll
0x00007ffcc9f90000 - 0x00007ffcca082000 	C:\Windows\SYSTEM32\WINHTTP.dll
0x00007ffcd5840000 - 0x00007ffcd58a7000 	C:\Windows\system32\mswsock.dll
0x00007ffcc91b0000 - 0x00007ffcc91c3000 	C:\Program Files\Java\jdk-13.0.2\bin\nio.dll
0x00007ffcc8c00000 - 0x00007ffcc8c09000 	C:\Program Files\Java\jdk-13.0.2\bin\management.dll
0x00007ffcc8250000 - 0x00007ffcc825b000 	C:\Program Files\Java\jdk-13.0.2\bin\management_ext.dll
0x00007ffcb0720000 - 0x00007ffcb0736000 	C:\Windows\system32\napinsp.dll
0x00007ffcb06a0000 - 0x00007ffcb06ba000 	C:\Windows\system32\pnrpnsp.dll
0x00007ffcd55f0000 - 0x00007ffcd56b6000 	C:\Windows\SYSTEM32\DNSAPI.dll
0x00007ffcd7bf0000 - 0x00007ffcd7bf8000 	C:\Windows\System32\NSI.dll
0x00007ffcd55a0000 - 0x00007ffcd55dd000 	C:\Windows\SYSTEM32\IPHLPAPI.DLL
0x00007ffcb0670000 - 0x00007ffcb067e000 	C:\Windows\System32\winrnr.dll
0x00007ffcd1f30000 - 0x00007ffcd1f4b000 	C:\Windows\system32\NLAapi.dll
0x00007ffcb0650000 - 0x00007ffcb0665000 	C:\Windows\system32\wshbth.dll
0x00007ffcc9e80000 - 0x00007ffcc9e8a000 	C:\Windows\System32\rasadhlp.dll
0x00007ffcca2d0000 - 0x00007ffcca349000 	C:\Windows\System32\fwpuclnt.dll
0x00007ffcd7060000 - 0x00007ffcd7086000 	C:\Windows\System32\bcrypt.dll
0x00007ffcd5400000 - 0x00007ffcd5433000 	C:\Windows\system32\rsaenh.dll
0x00007ffcd5f00000 - 0x00007ffcd5f28000 	C:\Windows\SYSTEM32\USERENV.dll
0x00007ffcd5a10000 - 0x00007ffcd5a1c000 	C:\Windows\SYSTEM32\CRYPTBASE.dll
0x00007ffccaf20000 - 0x00007ffccaf36000 	C:\Windows\SYSTEM32\dhcpcsvc6.DLL
0x00007ffccaf00000 - 0x00007ffccaf1c000 	C:\Windows\SYSTEM32\dhcpcsvc.DLL
0x00007ffcc83b0000 - 0x00007ffcc83d5000 	C:\Program Files\Java\jdk-13.0.2\bin\sunec.dll
0x00007ffcd2110000 - 0x00007ffcd211e000 	C:\Program Files\Java\jdk-13.0.2\bin\sunmscapi.dll
0x00007ffcd60c0000 - 0x00007ffcd629b000 	C:\Windows\System32\CRYPT32.dll
0x00007ffcd6080000 - 0x00007ffcd6092000 	C:\Windows\System32\MSASN1.dll
0x00007ffcd5b10000 - 0x00007ffcd5b36000 	C:\Windows\SYSTEM32\ncrypt.dll
0x00007ffcd5ad0000 - 0x00007ffcd5b0c000 	C:\Windows\SYSTEM32\NTASN1.dll

dbghelp: loaded successfully - version: 4.0.5 - missing functions: none
symbol engine: initialized successfully - sym options: 0x614 - pdb path: .;C:\Program Files\Java\jdk-13.0.2\bin;C:\Windows\SYSTEM32;C:\Windows\WinSxS\amd64_microsoft.windows.common-controls_6595b64144ccf1df_6.0.17763.615_none_05b4414a072024d4;C:\Program Files\Java\jdk-13.0.2\bin\server

VM Arguments:
jvm_args: -Dcom.sun.management.jmxremote -Dcom.sun.management.jmxremote.port=9928 -Dcom.sun.management.jmxremote.authenticate=false -Dcom.sun.management.jmxremote.ssl=false -Djava.rmi.server.hostname=localhost -Dspring.jmx.enabled=true -Dspring.application.admin.enabled=true -Xverify:none -XX:TieredStopAtLevel=1 -Dspring.boot.project.name=IFKF-back-end -Dfile.encoding=UTF-8 
java_command: com.ITP.IFKFbackend.IfkfBackendApplication
java_class_path (initial): C:\Users\Amaya\ITP final\IFKF-back-end\target\classes;C:\Users\Amaya\.m2\repository\org\springframework\boot\spring-boot-starter-data-jpa\2.3.2.RELEASE\spring-boot-starter-data-jpa-2.3.2.RELEASE.jar;C:\Users\Amaya\.m2\repository\org\springframework\boot\spring-boot-starter-aop\2.3.2.RELEASE\spring-boot-starter-aop-2.3.2.RELEASE.jar;C:\Users\Amaya\.m2\repository\org\springframework\spring-aop\5.2.8.RELEASE\spring-aop-5.2.8.RELEASE.jar;C:\Users\Amaya\.m2\repository\org\aspectj\aspectjweaver\1.9.6\aspectjweaver-1.9.6.jar;C:\Users\Amaya\.m2\repository\org\springframework\boot\spring-boot-starter-jdbc\2.3.2.RELEASE\spring-boot-starter-jdbc-2.3.2.RELEASE.jar;C:\Users\Amaya\.m2\repository\com\zaxxer\HikariCP\3.4.5\HikariCP-3.4.5.jar;C:\Users\Amaya\.m2\repository\org\springframework\spring-jdbc\5.2.8.RELEASE\spring-jdbc-5.2.8.RELEASE.jar;C:\Users\Amaya\.m2\repository\jakarta\transaction\jakarta.transaction-api\1.3.3\jakarta.transaction-api-1.3.3.jar;C:\Users\Amaya\.m2\repository\jakarta\persistence\jakarta.persistence-api\2.2.3\jakarta.persistence-api-2.2.3.jar;C:\Users\Amaya\.m2\repository\org\hibernate\hibernate-core\5.4.18.Final\hibernate-core-5.4.18.Final.jar;C:\Users\Amaya\.m2\repository\org\jboss\logging\jboss-logging\3.4.1.Final\jboss-logging-3.4.1.Final.jar;C:\Users\Amaya\.m2\repository\org\javassist\javassist\3.24.0-GA\javassist-3.24.0-GA.jar;C:\Users\Amaya\.m2\repository\net\bytebuddy\byte-buddy\1.10.13\byte-buddy-1.10.13.jar;C:\Users\Amaya\.m2\repository\antlr\antlr\2.7.7\antlr-2.7.7.jar;C:\Users\Amaya\.m2\repository\org\jboss\jandex\2.1.3.Final\jandex-2.1.3.Final.jar;C:\Users\Amaya\.m2\repository\com\fasterxml\classmate\1.5.1\classmate-1.5.1.jar;C:\Users\Amaya\.m2\repository\org\dom4j\dom4j\2.1.3\dom4j-2.1.3.jar;C:\Users\Amaya\.m2\repository\org\hibernate\common\hibernate-commons-annotations\5.1.0.Final\hibernate-commons-annotations-5.1.0.Final.jar;C:\Users\Amaya\.m2\repository\org\glassfish\jaxb\jaxb-runtime\2.3.3\jaxb-runtime-2.3.3
Launcher Type: SUN_STANDARD

[Global flags]
     intx CICompilerCount                          = 4                                         {product} {ergonomic}
     uint ConcGCThreads                            = 2                                         {product} {ergonomic}
     uint G1ConcRefinementThreads                  = 8                                         {product} {ergonomic}
   size_t G1HeapRegionSize                         = 1048576                                   {product} {ergonomic}
    uintx GCDrainStackTargetSize                   = 64                                        {product} {ergonomic}
   size_t InitialHeapSize                          = 65011712                                  {product} {ergonomic}
     bool ManagementServer                         = true                                      {product} {command line}
   size_t MarkStackSize                            = 4194304                                   {product} {ergonomic}
   size_t MaxHeapSize                              = 1040187392                                {product} {ergonomic}
   size_t MaxNewSize                               = 623902720                                 {product} {ergonomic}
   size_t MinHeapDeltaBytes                        = 1048576                                   {product} {ergonomic}
   size_t MinHeapSize                              = 8388608                                   {product} {ergonomic}
    uintx NonNMethodCodeHeapSize                   = 7549744                                {pd product} {ergonomic}
    uintx NonProfiledCodeHeapSize                  = 244108496                              {pd product} {ergonomic}
    uintx ProfiledCodeHeapSize                     = 0                                      {pd product} {ergonomic}
    uintx ReservedCodeCacheSize                    = 251658240                              {pd product} {ergonomic}
     bool SegmentedCodeCache                       = true                                      {product} {ergonomic}
   size_t SoftMaxHeapSize                          = 1040187392                             {manageable} {ergonomic}
     intx TieredStopAtLevel                        = 1                                         {product} {command line}
     bool UseCompressedClassPointers               = true                                 {lp64_product} {ergonomic}
     bool UseCompressedOops                        = true                                 {lp64_product} {ergonomic}
     bool UseG1GC                                  = true                                      {product} {ergonomic}
     bool UseLargePagesIndividualAllocation        = false                                  {pd product} {ergonomic}

Logging:
Log output configuration:
 #0: stdout all=warning uptime,level,tags
 #1: stderr all=off uptime,level,tags

Environment Variables:
JAVA_HOME=C:\Program Files\Java\jdk-13.0.2
PATH=C:/Program Files/Java/jdk-13.0.2/bin/server;C:/Program Files/Java/jdk-13.0.2/bin;C:\Program Files\Microsoft MPI\Bin\;C:\Windows\system32;C:\Windows;C:\Windows\System32\Wbem;C:\Windows\System32\WindowsPowerShell\v1.0\;C:\Windows\System32\OpenSSH\;C:\Program Files\Microsoft SQL Server\Client SDK\ODBC\130\Tools\Binn\;C:\Program Files (x86)\Microsoft SQL Server\140\Tools\Binn\;C:\Program Files\Microsoft SQL Server\140\Tools\Binn\;C:\Program Files\Microsoft SQL Server\140\DTS\Binn\;C:\Program Files\Microsoft SQL Server\Client SDK\ODBC\170\Tools\Binn\;C:\Program Files (x86)\Microsoft SQL Server\150\Tools\Binn\;C:\Program Files\Microsoft SQL Server\150\Tools\Binn\;C:\Program Files\Microsoft SQL Server\150\DTS\Binn\;C:\Program Files (x86)\Microsoft SQL Server\150\DTS\Binn\;C:\Program Files\Java\jdk-13.0.2\bin;C:\Program Files\nodejs\;C:\Program Files\Git\cmd;C:\Program Files\Git\mingw64\bin;C:\Program Files\Git\usr\bin;C:\Users\Amaya\AppData\Local\Microsoft\WindowsApps;C:\Users\Amaya\AppData\Roaming\npm;C:\Users\Amaya\AppData\Local\Programs\Microsoft VS Code\bin;C:\Users\Amaya\Desktop;
USERNAME=Amaya
OS=Windows_NT
PROCESSOR_IDENTIFIER=Intel64 Family 6 Model 142 Stepping 10, GenuineIntel



---------------  S Y S T E M  ---------------

OS: Windows 10 , 64 bit Build 17763 (10.0.17763.475)

CPU:total 8 (initial active 8) (4 cores per cpu, 2 threads per core) family 6 model 142 stepping 10, cmov, cx8, fxsr, mmx, sse, sse2, sse3, ssse3, sse4.1, sse4.2, popcnt, avx, avx2, aes, clmul, erms, 3dnowpref, lzcnt, ht, tsc, tscinvbit, bmi1, bmi2, adx, fma

Memory: 4k page, system-wide physical 3961M (518M free)
TotalPageFile size 7033M (AvailPageFile size 0M)
current process WorkingSet (physical memory assigned to process): 160M, peak: 160M
current process commit charge ("private bytes"): 205M, peak: 215M

vm_info: Java HotSpot(TM) 64-Bit Server VM (13.0.2+8) for windows-amd64 JRE (13.0.2+8), built on Dec 11 2019 09:20:33 by "mach5one" with unknown MS VC++:1916

END.
