#
# There is insufficient memory for the Java Runtime Environment to continue.
# Native memory allocation (mmap) failed to map 1015808 bytes for Failed to commit area from 0x0000021e5a720000 to 0x0000021e5a818000 of length 1015808.
# Possible reasons:
#   The system is out of physical RAM or swap space
#   The process is running with CompressedOops enabled, and the Java Heap may be blocking the growth of the native heap
# Possible solutions:
#   Reduce memory load on the system
#   Increase physical memory or swap space
#   Check if swap backing store is full
#   Decrease Java heap size (-Xmx/-Xms)
#   Decrease number of Java threads
#   Decrease Java thread stack sizes (-Xss)
#   Set larger code cache with -XX:ReservedCodeCacheSize=
# This output file may be truncated or incomplete.
#
#  Out of Memory Error (t:/workspace/open/src/hotspot/os/windows/os_windows.cpp:3301), pid=11128, tid=1860
#
# JRE version:  (13.0.2+8) (build )
# Java VM: Java HotSpot(TM) 64-Bit Server VM (13.0.2+8, mixed mode, aot, sharing, tiered, compressed oops, g1 gc, windows-amd64)
# No core dump will be written. Minidumps are not enabled by default on client versions of Windows
#

---------------  S U M M A R Y ------------

Command Line: -Dcom.sun.management.jmxremote -Dcom.sun.management.jmxremote.port=2848 -Dcom.sun.management.jmxremote.authenticate=false -Dcom.sun.management.jmxremote.ssl=false -Djava.rmi.server.hostname=localhost -Dspring.jmx.enabled=true -Dspring.application.admin.enabled=true -Xverify:none -XX:TieredStopAtLevel=1 -Dspring.boot.project.name=IFKF-back-end -Dfile.encoding=UTF-8 com.ITP.IFKFbackend.IfkfBackendApplication

Host: Intel(R) Core(TM) i5-8250U CPU @ 1.60GHz, 8 cores, 3G,  Windows 10 , 64 bit Build 17763 (10.0.17763.475)
Time: Wed Sep  9 12:06:40 2020 Sri Lanka Standard Time elapsed time: 0 seconds (0d 0h 0m 0s)

---------------  T H R E A D  ---------------

Current thread (0x0000021e42822000):  JavaThread "Unknown thread" [_thread_in_vm, id=1860, stack(0x0000008e4ad00000,0x0000008e4ae00000)]

Stack: [0x0000008e4ad00000,0x0000008e4ae00000]
Native frames: (J=compiled Java code, j=interpreted, Vv=VM code, C=native code)
V  [jvm.dll+0x624f9a]
V  [jvm.dll+0x770cfa]
V  [jvm.dll+0x7724af]
V  [jvm.dll+0x772ab3]
V  [jvm.dll+0x24bf08]
V  [jvm.dll+0x6222aa]
V  [jvm.dll+0x6170b5]
V  [jvm.dll+0x30a88c]
V  [jvm.dll+0x30a6c2]
V  [jvm.dll+0x30fe36]
V  [jvm.dll+0x353f59]
V  [jvm.dll+0x353720]
V  [jvm.dll+0x2e550a]
V  [jvm.dll+0x2e67a2]
V  [jvm.dll+0x74dd78]
V  [jvm.dll+0x361989]
V  [jvm.dll+0x730e65]
V  [jvm.dll+0x3cc53f]
V  [jvm.dll+0x3ce861]
C  [jli.dll+0x51ff]
C  [ucrtbase.dll+0x21ffa]
C  [KERNEL32.DLL+0x17974]
C  [ntdll.dll+0x6a271]


---------------  P R O C E S S  ---------------

Threads class SMR info:
_java_thread_list=0x00007ff836ceccb8, length=0, elements={
}

Java Threads: ( => current thread )

Other Threads:
  0x0000021e42854000 GCTaskThread "GC Thread#0" [stack: 0x0000008e4ae00000,0x0000008e4af00000] [id=9400]
  0x0000021e4285e000 ConcurrentGCThread "G1 Main Marker" [stack: 0x0000008e4af00000,0x0000008e4b000000] [id=6544]
  0x0000021e42860800 ConcurrentGCThread "G1 Conc#0" [stack: 0x0000008e4b000000,0x0000008e4b100000] [id=11144]

[error occurred during error reporting (printing all threads), id 0xc0000005, EXCEPTION_ACCESS_VIOLATION (0xc0000005) at pc=0x00007ff8365251d7]

VM state:not at safepoint (not fully initialized)

VM Mutex/Monitor currently owned by a thread:  ([mutex/lock_event])
[0x0000021e4281ef80] Heap_lock - owner thread: 0x0000021e42822000

Heap address: 0x00000000c2000000, size: 992 MB, Compressed Oops mode: Non-zero based: 0x00000000c2000000
Narrow klass base: 0x0000000000000000, Narrow klass shift: 0

GC Heap History (0 events):
No events

Deoptimization events (0 events):
No events

Classes unloaded (0 events):
No events

Classes redefined (0 events):
No events

Internal exceptions (0 events):
No events

Events (8 events):
Event: 0.005 Loaded shared library C:\Program Files\Java\jdk-13.0.2\bin\zip.dll
Event: 0.006 Loaded shared library C:\Program Files\Java\jdk-13.0.2\bin\jimage.dll
Event: 0.006 Loading shared library C:\Program Files\Java\jdk-13.0.2\lib\libjava.base-coop.dll failed, error code 126
Event: 0.006 Loading shared library C:\Program Files\Java\jdk-13.0.2\lib\libjava.logging-coop.dll failed, error code 126
Event: 0.006 Loading shared library C:\Program Files\Java\jdk-13.0.2\lib\libjdk.compiler-coop.dll failed, error code 126
Event: 0.006 Loading shared library C:\Program Files\Java\jdk-13.0.2\lib\libjdk.scripting.nashorn-coop.dll failed, error code 126
Event: 0.006 Loading shared library C:\Program Files\Java\jdk-13.0.2\lib\libjdk.internal.vm.ci-coop.dll failed, error code 126
Event: 0.006 Loading shared library C:\Program Files\Java\jdk-13.0.2\lib\libjdk.internal.vm.compiler-coop.dll failed, error code 126


Dynamic libraries:
0x00007ff6af050000 - 0x00007ff6af05f000 	C:\Program Files\Java\jdk-13.0.2\bin\javaw.exe
0x00007ff876170000 - 0x00007ff87635d000 	C:\Windows\SYSTEM32\ntdll.dll
0x00007ff8740f0000 - 0x00007ff8741a3000 	C:\Windows\System32\KERNEL32.DLL
0x00007ff873100000 - 0x00007ff873393000 	C:\Windows\System32\KERNELBASE.dll
0x00007ff873000000 - 0x00007ff8730fa000 	C:\Windows\System32\ucrtbase.dll
0x00007ff864a20000 - 0x00007ff864a35000 	C:\Program Files\Java\jdk-13.0.2\bin\VCRUNTIME140.dll
0x00007ff867df0000 - 0x00007ff867e08000 	C:\Program Files\Java\jdk-13.0.2\bin\jli.dll
0x00007ff873f70000 - 0x00007ff874013000 	C:\Windows\System32\ADVAPI32.dll
0x00007ff874020000 - 0x00007ff8740be000 	C:\Windows\System32\msvcrt.dll
0x00007ff8738f0000 - 0x00007ff87398e000 	C:\Windows\System32\sechost.dll
0x00007ff874210000 - 0x00007ff874332000 	C:\Windows\System32\RPCRT4.dll
0x00007ff8733a0000 - 0x00007ff873537000 	C:\Windows\System32\USER32.dll
0x00007ff8729e0000 - 0x00007ff872a00000 	C:\Windows\System32\win32u.dll
0x00007ff860bd0000 - 0x00007ff860e49000 	C:\Windows\WinSxS\amd64_microsoft.windows.common-controls_6595b64144ccf1df_6.0.17763.615_none_05b4414a072024d4\COMCTL32.dll
0x00007ff875830000 - 0x00007ff875859000 	C:\Windows\System32\GDI32.dll
0x00007ff872a30000 - 0x00007ff872bc9000 	C:\Windows\System32\gdi32full.dll
0x00007ff8735c0000 - 0x00007ff8738ec000 	C:\Windows\System32\combase.dll
0x00007ff872e10000 - 0x00007ff872eb0000 	C:\Windows\System32\msvcp_win.dll
0x00007ff872ed0000 - 0x00007ff872f4e000 	C:\Windows\System32\bcryptPrimitives.dll
0x00007ff869130000 - 0x00007ff86913a000 	C:\Windows\SYSTEM32\VERSION.dll
0x00007ff8740c0000 - 0x00007ff8740ee000 	C:\Windows\System32\IMM32.DLL
0x00007ff864980000 - 0x00007ff864a1b000 	C:\Program Files\Java\jdk-13.0.2\bin\msvcp140.dll
0x00007ff836230000 - 0x00007ff836d8d000 	C:\Program Files\Java\jdk-13.0.2\bin\server\jvm.dll
0x00007ff875b40000 - 0x00007ff875b48000 	C:\Windows\System32\PSAPI.DLL
0x00007ff85f8f0000 - 0x00007ff85f8f9000 	C:\Windows\SYSTEM32\WSOCK32.dll
0x00007ff86f380000 - 0x00007ff86f3a4000 	C:\Windows\SYSTEM32\WINMM.dll
0x00007ff873f00000 - 0x00007ff873f6d000 	C:\Windows\System32\WS2_32.dll
0x00007ff86f350000 - 0x00007ff86f37d000 	C:\Windows\SYSTEM32\WINMMBASE.dll
0x00007ff872990000 - 0x00007ff8729da000 	C:\Windows\System32\cfgmgr32.dll
0x00007ff872170000 - 0x00007ff872181000 	C:\Windows\System32\kernel.appcore.dll
0x00007ff86f9f0000 - 0x00007ff86fa00000 	C:\Program Files\Java\jdk-13.0.2\bin\verify.dll
0x00007ff870b50000 - 0x00007ff870d3d000 	C:\Windows\SYSTEM32\DBGHELP.DLL
0x00007ff85f250000 - 0x00007ff85f27a000 	C:\Windows\SYSTEM32\dbgcore.DLL
0x00007ff863270000 - 0x00007ff863296000 	C:\Program Files\Java\jdk-13.0.2\bin\java.dll
0x00007ff868c30000 - 0x00007ff868c47000 	C:\Program Files\Java\jdk-13.0.2\bin\zip.dll
0x00007ff86f940000 - 0x00007ff86f94a000 	C:\Program Files\Java\jdk-13.0.2\bin\jimage.dll

dbghelp: loaded successfully - version: 4.0.5 - missing functions: none
symbol engine: initialized successfully - sym options: 0x614 - pdb path: .;C:\Program Files\Java\jdk-13.0.2\bin;C:\Windows\SYSTEM32;C:\Windows\WinSxS\amd64_microsoft.windows.common-controls_6595b64144ccf1df_6.0.17763.615_none_05b4414a072024d4;C:\Program Files\Java\jdk-13.0.2\bin\server

VM Arguments:
jvm_args: -Dcom.sun.management.jmxremote -Dcom.sun.management.jmxremote.port=2848 -Dcom.sun.management.jmxremote.authenticate=false -Dcom.sun.management.jmxremote.ssl=false -Djava.rmi.server.hostname=localhost -Dspring.jmx.enabled=true -Dspring.application.admin.enabled=true -Xverify:none -XX:TieredStopAtLevel=1 -Dspring.boot.project.name=IFKF-back-end -Dfile.encoding=UTF-8 
java_command: com.ITP.IFKFbackend.IfkfBackendApplication
java_class_path (initial): C:\Users\Amaya\git\IFKF-back-end\target\classes;C:\Users\Amaya\.m2\repository\org\springframework\boot\spring-boot-starter-data-jpa\2.3.2.RELEASE\spring-boot-starter-data-jpa-2.3.2.RELEASE.jar;C:\Users\Amaya\.m2\repository\org\springframework\boot\spring-boot-starter-aop\2.3.2.RELEASE\spring-boot-starter-aop-2.3.2.RELEASE.jar;C:\Users\Amaya\.m2\repository\org\springframework\spring-aop\5.2.8.RELEASE\spring-aop-5.2.8.RELEASE.jar;C:\Users\Amaya\.m2\repository\org\aspectj\aspectjweaver\1.9.6\aspectjweaver-1.9.6.jar;C:\Users\Amaya\.m2\repository\org\springframework\boot\spring-boot-starter-jdbc\2.3.2.RELEASE\spring-boot-starter-jdbc-2.3.2.RELEASE.jar;C:\Users\Amaya\.m2\repository\com\zaxxer\HikariCP\3.4.5\HikariCP-3.4.5.jar;C:\Users\Amaya\.m2\repository\org\springframework\spring-jdbc\5.2.8.RELEASE\spring-jdbc-5.2.8.RELEASE.jar;C:\Users\Amaya\.m2\repository\jakarta\transaction\jakarta.transaction-api\1.3.3\jakarta.transaction-api-1.3.3.jar;C:\Users\Amaya\.m2\repository\jakarta\persistence\jakarta.persistence-api\2.2.3\jakarta.persistence-api-2.2.3.jar;C:\Users\Amaya\.m2\repository\org\hibernate\hibernate-core\5.4.18.Final\hibernate-core-5.4.18.Final.jar;C:\Users\Amaya\.m2\repository\org\jboss\logging\jboss-logging\3.4.1.Final\jboss-logging-3.4.1.Final.jar;C:\Users\Amaya\.m2\repository\org\javassist\javassist\3.24.0-GA\javassist-3.24.0-GA.jar;C:\Users\Amaya\.m2\repository\net\bytebuddy\byte-buddy\1.10.13\byte-buddy-1.10.13.jar;C:\Users\Amaya\.m2\repository\antlr\antlr\2.7.7\antlr-2.7.7.jar;C:\Users\Amaya\.m2\repository\org\jboss\jandex\2.1.3.Final\jandex-2.1.3.Final.jar;C:\Users\Amaya\.m2\repository\com\fasterxml\classmate\1.5.1\classmate-1.5.1.jar;C:\Users\Amaya\.m2\repository\org\dom4j\dom4j\2.1.3\dom4j-2.1.3.jar;C:\Users\Amaya\.m2\repository\org\hibernate\common\hibernate-commons-annotations\5.1.0.Final\hibernate-commons-annotations-5.1.0.Final.jar;C:\Users\Amaya\.m2\repository\org\glassfish\jaxb\jaxb-runtime\2.3.3\jaxb-runtime-2.3.3.jar;C
Launcher Type: SUN_STANDARD

[Global flags]
     intx CICompilerCount                          = 4                                         {product} {ergonomic}
     uint ConcGCThreads                            = 2                                         {product} {ergonomic}
     uint G1ConcRefinementThreads                  = 8                                         {product} {ergonomic}
   size_t G1HeapRegionSize                         = 1048576                                   {product} {ergonomic}
    uintx GCDrainStackTargetSize                   = 64                                        {product} {ergonomic}
   size_t InitialHeapSize                          = 65011712                                  {product} {ergonomic}
     bool ManagementServer                         = true                                      {product} {command line}
   size_t MarkStackSize                            = 4194304                                   {product} {ergonomic}
   size_t MaxHeapSize                              = 1040187392                                {product} {ergonomic}
   size_t MinHeapDeltaBytes                        = 1048576                                   {product} {ergonomic}
   size_t MinHeapSize                              = 8388608                                   {product} {ergonomic}
    uintx NonNMethodCodeHeapSize                   = 7549744                                {pd product} {ergonomic}
    uintx NonProfiledCodeHeapSize                  = 244108496                              {pd product} {ergonomic}
    uintx ProfiledCodeHeapSize                     = 0                                      {pd product} {ergonomic}
    uintx ReservedCodeCacheSize                    = 251658240                              {pd product} {ergonomic}
     bool SegmentedCodeCache                       = true                                      {product} {ergonomic}
   size_t SoftMaxHeapSize                          = 1040187392                             {manageable} {ergonomic}
     intx TieredStopAtLevel                        = 1                                         {product} {command line}
     bool UseCompressedClassPointers               = true                                 {lp64_product} {ergonomic}
     bool UseCompressedOops                        = true                                 {lp64_product} {ergonomic}
     bool UseG1GC                                  = true                                      {product} {ergonomic}
     bool UseLargePagesIndividualAllocation        = false                                  {pd product} {ergonomic}

Logging:
Log output configuration:
 #0: stdout all=warning uptime,level,tags
 #1: stderr all=off uptime,level,tags

Environment Variables:
JAVA_HOME=C:\Program Files\Java\jdk-13.0.2
PATH=C:/Program Files/Java/jdk-13.0.2/bin/server;C:/Program Files/Java/jdk-13.0.2/bin;C:\Program Files\Microsoft MPI\Bin\;C:\Windows\system32;C:\Windows;C:\Windows\System32\Wbem;C:\Windows\System32\WindowsPowerShell\v1.0\;C:\Windows\System32\OpenSSH\;C:\Program Files\Microsoft SQL Server\Client SDK\ODBC\130\Tools\Binn\;C:\Program Files (x86)\Microsoft SQL Server\140\Tools\Binn\;C:\Program Files\Microsoft SQL Server\140\Tools\Binn\;C:\Program Files\Microsoft SQL Server\140\DTS\Binn\;C:\Program Files\Microsoft SQL Server\Client SDK\ODBC\170\Tools\Binn\;C:\Program Files (x86)\Microsoft SQL Server\150\Tools\Binn\;C:\Program Files\Microsoft SQL Server\150\Tools\Binn\;C:\Program Files\Microsoft SQL Server\150\DTS\Binn\;C:\Program Files (x86)\Microsoft SQL Server\150\DTS\Binn\;C:\Program Files\Java\jdk-13.0.2\bin;C:\Program Files\nodejs\;C:\Program Files\Git\cmd;C:\Program Files\Git\mingw64\bin;C:\Program Files\Git\usr\bin;C:\Users\Amaya\AppData\Local\Microsoft\WindowsApps;C:\Users\Amaya\AppData\Roaming\npm;C:\Users\Amaya\AppData\Local\Programs\Microsoft VS Code\bin;C:\Users\Amaya\Desktop;
USERNAME=Amaya
OS=Windows_NT
PROCESSOR_IDENTIFIER=Intel64 Family 6 Model 142 Stepping 10, GenuineIntel



---------------  S Y S T E M  ---------------

OS: Windows 10 , 64 bit Build 17763 (10.0.17763.475)

CPU:total 8 (initial active 8) (4 cores per cpu, 2 threads per core) family 6 model 142 stepping 10, cmov, cx8, fxsr, mmx, sse, sse2, sse3, ssse3, sse4.1, sse4.2, popcnt, avx, avx2, aes, clmul, erms, 3dnowpref, lzcnt, ht, tsc, tscinvbit, bmi1, bmi2, adx, fma

Memory: 4k page, system-wide physical 3961M (661M free)
TotalPageFile size 7033M (AvailPageFile size 9M)
current process WorkingSet (physical memory assigned to process): 10M, peak: 10M
current process commit charge ("private bytes"): 119M, peak: 120M

vm_info: Java HotSpot(TM) 64-Bit Server VM (13.0.2+8) for windows-amd64 JRE (13.0.2+8), built on Dec 11 2019 09:20:33 by "mach5one" with unknown MS VC++:1916

END.
